<?xml version="1.0" encoding="UTF-8"?>
<testng-results ignored="0" total="1" passed="1" failed="0" skipped="0">
  <reporter-output>
  </reporter-output>
  <suite started-at="2022-12-27T00:32:39 AST" name="Suite" finished-at="2022-12-27T00:32:47 AST" duration-ms="8209">
    <groups>
    </groups>
    <test started-at="2022-12-27T00:32:39 AST" name="Test" finished-at="2022-12-27T00:32:47 AST" duration-ms="8209">
      <class name="com.t7c7.tests.MVNTest">
        <test-method signature="launchBrowser()[pri:0, instance:com.t7c7.tests.MVNTest@6adbc9d]" started-at="2022-12-27T00:32:39 AST" name="launchBrowser" finished-at="2022-12-27T00:32:47 AST" duration-ms="8166" status="PASS">
          <reporter-output>
          </reporter-output>
        </test-method> <!-- launchBrowser -->
      </class> <!-- com.t7c7.tests.MVNTest -->
    </test> <!-- Test -->
  </suite> <!-- Suite -->
</testng-results>
